# JRE version: OpenJDK Runtime Environment Microsoft-25199 (11.0.12+7) (build 11.0.12+7)
# Java VM: OpenJDK 64-Bit Server VM Microsoft-25199 (11.0.12+7, mixed mode, tiered, compressed oops, g1 gc, windows-amd64)
Heap:
 garbage-first heap   total 732160K, used 247635K [0x00000000c0000000, 0x0000000100000000)
  region size 1024K, 3 young (3072K), 3 survivors (3072K)
 Metaspace       used 24242K, capacity 25226K, committed 25344K, reserved 1071104K
  class space    used 2856K, capacity 3295K, committed 3328K, reserved 1048576K
GC Heap History (20 events):
Event: 3.199 GC heap after
{Heap after GC invocations=15 (full 0):
 garbage-first heap   total 437248K, used 155320K [0x00000000c0000000, 0x0000000100000000)
  region size 1024K, 14 young (14336K), 14 survivors (14336K)
 Metaspace       used 15215K, capacity 15482K, committed 15872K, reserved 1062912K
  class space    used 1527K, capacity 1624K, committed 1792K, reserved 1048576K
}
Event: 3.414 GC heap before
{Heap before GC invocations=15 (full 0):
 garbage-first heap   total 437248K, used 274104K [0x00000000c0000000, 0x0000000100000000)
  region size 1024K, 131 young (134144K), 14 survivors (14336K)
 Metaspace       used 15217K, capacity 15484K, committed 15872K, reserved 1062912K
  class space    used 1527K, capacity 1624K, committed 1792K, reserved 1048576K
}
Event: 3.453 GC heap after
{Heap after GC invocations=16 (full 0):
 garbage-first heap   total 437248K, used 178109K [0x00000000c0000000, 0x0000000100000000)
  region size 1024K, 17 young (17408K), 17 survivors (17408K)
 Metaspace       used 15217K, capacity 15484K, committed 15872K, reserved 1062912K
  class space    used 1527K, capacity 1624K, committed 1792K, reserved 1048576K
}
Event: 3.878 GC heap before
{Heap before GC invocations=16 (full 0):
 garbage-first heap   total 437248K, used 307133K [0x00000000c0000000, 0x0000000100000000)
  region size 1024K, 143 young (146432K), 17 survivors (17408K)
 Metaspace       used 16755K, capacity 17095K, committed 17280K, reserved 1064960K
  class space    used 1733K, capacity 1882K, committed 1920K, reserved 1048576K
}
Event: 3.917 GC heap after
{Heap after GC invocations=17 (full 0):
 garbage-first heap   total 437248K, used 202752K [0x00000000c0000000, 0x0000000100000000)
  region size 1024K, 18 young (18432K), 18 survivors (18432K)
 Metaspace       used 16755K, capacity 17095K, committed 17280K, reserved 1064960K
  class space    used 1733K, capacity 1882K, committed 1920K, reserved 1048576K
}
Event: 4.142 GC heap before
{Heap before GC invocations=17 (full 0):
 garbage-first heap   total 437248K, used 320512K [0x00000000c0000000, 0x0000000100000000)
  region size 1024K, 133 young (136192K), 18 survivors (18432K)
 Metaspace       used 16776K, capacity 17159K, committed 17280K, reserved 1064960K
  class space    used 1734K, capacity 1882K, committed 1920K, reserved 1048576K
}
Event: 4.179 GC heap after
{Heap after GC invocations=18 (full 0):
 garbage-first heap   total 560128K, used 226110K [0x00000000c0000000, 0x0000000100000000)
  region size 1024K, 17 young (17408K), 17 survivors (17408K)
 Metaspace       used 16776K, capacity 17159K, committed 17280K, reserved 1064960K
  class space    used 1734K, capacity 1882K, committed 1920K, reserved 1048576K
}
Event: 4.546 GC heap before
{Heap before GC invocations=18 (full 0):
 garbage-first heap   total 560128K, used 374590K [0x00000000c0000000, 0x0000000100000000)
  region size 1024K, 162 young (165888K), 17 survivors (17408K)
 Metaspace       used 16780K, capacity 17159K, committed 17280K, reserved 1064960K
  class space    used 1734K, capacity 1882K, committed 1920K, reserved 1048576K
}
Event: 4.780 GC heap after
{Heap after GC invocations=19 (full 0):
 garbage-first heap   total 560128K, used 254289K [0x00000000c0000000, 0x0000000100000000)
  region size 1024K, 21 young (21504K), 21 survivors (21504K)
 Metaspace       used 16780K, capacity 17159K, committed 17280K, reserved 1064960K
  class space    used 1734K, capacity 1882K, committed 1920K, reserved 1048576K
}
Event: 5.712 GC heap before
{Heap before GC invocations=19 (full 0):
 garbage-first heap   total 560128K, used 405841K [0x00000000c0000000, 0x0000000100000000)
  region size 1024K, 169 young (173056K), 21 survivors (21504K)
 Metaspace       used 22841K, capacity 23823K, committed 24064K, reserved 1071104K
  class space    used 2779K, capacity 3217K, committed 3328K, reserved 1048576K
}
Event: 5.748 GC heap after
{Heap after GC invocations=20 (full 0):
 garbage-first heap   total 560128K, used 273710K [0x00000000c0000000, 0x0000000100000000)
  region size 1024K, 17 young (17408K), 17 survivors (17408K)
 Metaspace       used 22841K, capacity 23823K, committed 24064K, reserved 1071104K
  class space    used 2779K, capacity 3217K, committed 3328K, reserved 1048576K
}
Event: 6.131 GC heap before
{Heap before GC invocations=20 (full 0):
 garbage-first heap   total 560128K, used 424238K [0x00000000c0000000, 0x0000000100000000)
  region size 1024K, 164 young (167936K), 17 survivors (17408K)
 Metaspace       used 23627K, capacity 24677K, committed 24832K, reserved 1071104K
  class space    used 2848K, capacity 3288K, committed 3328K, reserved 1048576K
}
Event: 6.151 GC heap after
{Heap after GC invocations=21 (full 0):
 garbage-first heap   total 560128K, used 277984K [0x00000000c0000000, 0x0000000100000000)
  region size 1024K, 4 young (4096K), 4 survivors (4096K)
 Metaspace       used 23627K, capacity 24677K, committed 24832K, reserved 1071104K
  class space    used 2848K, capacity 3288K, committed 3328K, reserved 1048576K
}
Event: 6.559 GC heap before
{Heap before GC invocations=21 (full 0):
 garbage-first heap   total 560128K, used 431584K [0x00000000c0000000, 0x0000000100000000)
  region size 1024K, 155 young (158720K), 4 survivors (4096K)
 Metaspace       used 23708K, capacity 24698K, committed 25088K, reserved 1071104K
  class space    used 2842K, capacity 3274K, committed 3328K, reserved 1048576K
}
Event: 6.565 GC heap after
{Heap after GC invocations=22 (full 0):
 garbage-first heap   total 560128K, used 277352K [0x00000000c0000000, 0x0000000100000000)
  region size 1024K, 4 young (4096K), 4 survivors (4096K)
 Metaspace       used 23708K, capacity 24698K, committed 25088K, reserved 1071104K
  class space    used 2842K, capacity 3274K, committed 3328K, reserved 1048576K
}
Event: 6.866 GC heap before
{Heap before GC invocations=23 (full 0):
 garbage-first heap   total 560128K, used 439144K [0x00000000c0000000, 0x0000000100000000)
  region size 1024K, 162 young (165888K), 4 survivors (4096K)
 Metaspace       used 24041K, capacity 25047K, committed 25344K, reserved 1071104K
  class space    used 2849K, capacity 3281K, committed 3328K, reserved 1048576K
}
Event: 6.873 GC heap after
{Heap after GC invocations=24 (full 0):
 garbage-first heap   total 560128K, used 278896K [0x00000000c0000000, 0x0000000100000000)
  region size 1024K, 6 young (6144K), 6 survivors (6144K)
 Metaspace       used 24041K, capacity 25047K, committed 25344K, reserved 1071104K
  class space    used 2849K, capacity 3281K, committed 3328K, reserved 1048576K
}
Event: 6.914 GC heap before
{Heap before GC invocations=24 (full 0):
 garbage-first heap   total 560128K, used 299376K [0x00000000c0000000, 0x0000000100000000)
  region size 1024K, 27 young (27648K), 6 survivors (6144K)
 Metaspace       used 24066K, capacity 25053K, committed 25344K, reserved 1071104K
  class space    used 2849K, capacity 3282K, committed 3328K, reserved 1048576K
}
Event: 6.954 GC heap after
{Heap after GC invocations=25 (full 0):
 garbage-first heap   total 560128K, used 246755K [0x00000000c0000000, 0x0000000100000000)
  region size 1024K, 2 young (2048K), 2 survivors (2048K)
 Metaspace       used 24066K, capacity 25053K, committed 25344K, reserved 1071104K
  class space    used 2849K, capacity 3282K, committed 3328K, reserved 1048576K
}
Event: 7.313 GC heap before
{Heap before GC invocations=25 (full 0):
 garbage-first heap   total 560128K, used 436195K [0x00000000c0000000, 0x0000000100000000)
  region size 1024K, 187 young (191488K), 2 survivors (2048K)
 Metaspace       used 24242K, capacity 25226K, committed 25344K, reserved 1071104K
  class space    used 2856K, capacity 3295K, committed 3328K, reserved 1048576K
}

